c:\users\mabid001\projets9\fault_detection2\x64\debug\vc140.pdb
c:\users\mabid001\projets9\fault_detection2\x64\debug\vc140.idb
c:\users\mabid001\projets9\fault_detection2\x64\debug\attlibrarymain.obj
c:\users\mabid001\projets9\fault_detection2\x64\debug\callback.obj
c:\users\mabid001\projets9\fault_detection2\x64\debug\attlibraryrun.obj
c:\users\mabid001\projets9\fault_detection2\x64\debug\eigen.obj
c:\users\mabid001\projets9\fault_detection2\x64\debug\fault_estimation.obj
c:\users\mabid001\projets9\fault_detection2\x64\debug\fault_estimation_interface.obj
c:\users\mabid001\projets9\fault_detection2\x64\debug\img_utils.obj
c:\users\mabid001\projets9\fault_detection2\x64\debug\chronos.obj
c:\users\mabid001\projets9\fault_detection2\out\fault_detection.lib
c:\users\mabid001\projets9\fault_detection2\out\fault_detection.exp
c:\users\mabid001\projets9\fault_detection2\x64\debug\gradient_gpu.cu.cache
c:\users\mabid001\projets9\fault_detection2\x64\debug\gradient_gpu.cu.obj
c:\users\mabid001\projets9\fault_detection2\out\fault_detection.pdb
c:\users\mabid001\projets9\fault_detection2\x64\debug\fault_detection.tlog\cl.command.1.tlog
c:\users\mabid001\projets9\fault_detection2\x64\debug\fault_detection.tlog\cl.read.1.tlog
c:\users\mabid001\projets9\fault_detection2\x64\debug\fault_detection.tlog\cl.write.1.tlog
c:\users\mabid001\projets9\fault_detection2\x64\debug\fault_detection.tlog\fault_detection.write.1u.tlog
c:\users\mabid001\projets9\fault_detection2\x64\debug\fault_detection.tlog\link-cvtres.read.1.tlog
c:\users\mabid001\projets9\fault_detection2\x64\debug\fault_detection.tlog\link-cvtres.write.1.tlog
c:\users\mabid001\projets9\fault_detection2\x64\debug\fault_detection.tlog\link-rc.read.1.tlog
c:\users\mabid001\projets9\fault_detection2\x64\debug\fault_detection.tlog\link-rc.write.1.tlog
c:\users\mabid001\projets9\fault_detection2\x64\debug\fault_detection.tlog\link.6468-cvtres.read.1.tlog
c:\users\mabid001\projets9\fault_detection2\x64\debug\fault_detection.tlog\link.6468-cvtres.write.1.tlog
c:\users\mabid001\projets9\fault_detection2\x64\debug\fault_detection.tlog\link.6468-rc.read.1.tlog
c:\users\mabid001\projets9\fault_detection2\x64\debug\fault_detection.tlog\link.6468-rc.write.1.tlog
c:\users\mabid001\projets9\fault_detection2\x64\debug\fault_detection.tlog\link.6468.read.1.tlog
c:\users\mabid001\projets9\fault_detection2\x64\debug\fault_detection.tlog\link.6468.write.1.tlog
c:\users\mabid001\projets9\fault_detection2\x64\debug\fault_detection.tlog\link.command.1.tlog
c:\users\mabid001\projets9\fault_detection2\x64\debug\fault_detection.tlog\link.read.1.tlog
c:\users\mabid001\projets9\fault_detection2\x64\debug\fault_detection.tlog\link.write.1.tlog
