  
  C:\Users\mabid001\ProjetS9\fault_detection2>"C:\Program Files\NVIDIA GPU Computing Toolkit\CUDA\v8.0\bin\nvcc.exe" -ccbin "C:\Program Files (x86)\Microsoft Visual Studio 14.0\VC\bin\x86_amd64"  -I.\include -I.\private -I"C:\Program Files\NVIDIA GPU Computing Toolkit\CUDA\v8.0\include" -I"C:\Program Files\NVIDIA GPU Computing Toolkit\CUDA\v8.0\include"  -G   --keep-dir x64\Debug -maxrregcount=0  --machine 64 --compile   -g   -D_MBCS -D_WINDLL -D_MBCS -D_CRT_SECURE_NO_WARNINGS -D__ENABLE_CHRONOS__ -D__WINDOWS__ -D_MULTITHREAD_ -Xcompiler "/EHsc /W3 /nologo /Od /FS /Zi /RTC1 /MDd " -o x64\Debug\gradient_GPU.cu.obj "C:\Users\mabid001\ProjetS9\fault_detection2\src\gradient_GPU.cu" -clean 
CUDACOMPILE : nvcc warning : The 'compute_20', 'sm_20', and 'sm_21' architectures are deprecated, and may be removed in a future release (Use -Wno-deprecated-gpu-targets to suppress warning).
  gradient_GPU.cu
C:\Program Files (x86)\MSBuild\Microsoft.Cpp\v4.0\V140\Microsoft.CppBuild.targets(368,5): warning MSB8004: Output Directory does not end with a trailing slash.  This build instance will add the slash as it is required to allow proper evaluation of the Output Directory.
  Compiling CUDA source file src\gradient_GPU.cu...
  
  C:\Users\mabid001\ProjetS9\fault_detection2>"C:\Program Files\NVIDIA GPU Computing Toolkit\CUDA\v8.0\bin\nvcc.exe" -gencode=arch=compute_20,code=\"sm_20,compute_20\" --use-local-env --cl-version 2015 -ccbin "C:\Program Files (x86)\Microsoft Visual Studio 14.0\VC\bin\x86_amd64"  -I.\include -I.\private -I"C:\Program Files\NVIDIA GPU Computing Toolkit\CUDA\v8.0\include" -I"C:\Program Files\NVIDIA GPU Computing Toolkit\CUDA\v8.0\include"  -G   --keep-dir x64\Debug -maxrregcount=0  --machine 64 --compile -cudart static  -g   -D_MBCS -D_WINDLL -D_MBCS -D_CRT_SECURE_NO_WARNINGS -D__ENABLE_CHRONOS__ -D__WINDOWS__ -D_MULTITHREAD_ -Xcompiler "/EHsc /W3 /nologo /Od /FS /Zi /RTC1 /MDd " -o x64\Debug\gradient_GPU.cu.obj "C:\Users\mabid001\ProjetS9\fault_detection2\src\gradient_GPU.cu" 
CUDACOMPILE : nvcc warning : The 'compute_20', 'sm_20', and 'sm_21' architectures are deprecated, and may be removed in a future release (Use -Wno-deprecated-gpu-targets to suppress warning).
  gradient_GPU.cu
  img_utils.c
  fault_estimation_interface.c
  fault_estimation.c
  eigen.c
  attLibraryRun.c
  callback.c
  attLibraryMain.c
  Génération de code en cours...
  chronos.cpp
     Création de la bibliothèque C:\Users\mabid001\ProjetS9\fault_detection2\out\fault_detection.lib et de l'objet C:\Users\mabid001\ProjetS9\fault_detection2\out\fault_detection.exp
  fault_detection.vcxproj -> C:\Users\mabid001\ProjetS9\fault_detection2\out\fault_detection.dll
  fault_detection.vcxproj -> C:\Users\mabid001\ProjetS9\fault_detection2\out\fault_detection.pdb (Partial PDB)
