h:\projet s9\fault_detection2_modif\out\fault_detection.lib
h:\projet s9\fault_detection2_modif\out\fault_detection.exp
h:\projet s9\fault_detection2_modif\x64\debug\vc140.pdb
h:\projet s9\fault_detection2_modif\x64\debug\vc140.idb
h:\projet s9\fault_detection2_modif\x64\debug\attlibrarymain.obj
h:\projet s9\fault_detection2_modif\x64\debug\callback.obj
h:\projet s9\fault_detection2_modif\x64\debug\attlibraryrun.obj
h:\projet s9\fault_detection2_modif\x64\debug\eigen.obj
h:\projet s9\fault_detection2_modif\x64\debug\fault_estimation.obj
h:\projet s9\fault_detection2_modif\x64\debug\fault_estimation_interface.obj
h:\projet s9\fault_detection2_modif\x64\debug\img_utils.obj
h:\projet s9\fault_detection2_modif\x64\debug\chronos.obj
h:\projet s9\fault_detection2_modif\out\fault_detection.ilk
h:\projet s9\fault_detection2_modif\out\fault_detection.dll
h:\projet s9\fault_detection2_modif\out\fault_detection.pdb
h:\projet s9\fault_detection2_modif\x64\debug\gradient_gpu.cu.cache
h:\projet s9\fault_detection2_modif\x64\debug\gradient_gpu.cu.obj
h:\projet s9\fault_detection2_modif\x64\debug\fault_detection.tlog\fault_detection.write.1u.tlog
h:\projet s9\fault_detection2_modif\x64\debug\fault_detection.tlog\link.command.1.tlog
h:\projet s9\fault_detection2_modif\x64\debug\fault_detection.tlog\cl.write.1.tlog
h:\projet s9\fault_detection2_modif\x64\debug\fault_detection.tlog\link.read.1.tlog
h:\projet s9\fault_detection2_modif\x64\debug\fault_detection.tlog\cl.command.1.tlog
h:\projet s9\fault_detection2_modif\x64\debug\fault_detection.tlog\cl.read.1.tlog
h:\projet s9\fault_detection2_modif\x64\debug\fault_detection.tlog\link.write.1.tlog
