h:\projet s9\fault_detection2_modif\out\fault_detection.lib
h:\projet s9\fault_detection2_modif\out\fault_detection.exp
h:\projet s9\fault_detection2_modif\x64\release\vc140.pdb
h:\projet s9\fault_detection2_modif\x64\release\img_utils.obj
h:\projet s9\fault_detection2_modif\x64\release\fault_estimation_interface.obj
h:\projet s9\fault_detection2_modif\x64\release\fault_estimation.obj
h:\projet s9\fault_detection2_modif\x64\release\eigen.obj
h:\projet s9\fault_detection2_modif\x64\release\attlibraryrun.obj
h:\projet s9\fault_detection2_modif\x64\release\callback.obj
h:\projet s9\fault_detection2_modif\x64\release\attlibrarymain.obj
h:\projet s9\fault_detection2_modif\x64\release\chronos.obj
h:\projet s9\fault_detection2_modif\out\fault_detection.dll
h:\projet s9\fault_detection2_modif\out\fault_detection.ipdb
h:\projet s9\fault_detection2_modif\out\fault_detection.iobj
h:\projet s9\fault_detection2_modif\out\fault_detection.pdb
h:\projet s9\fault_detection2_modif\x64\release\gradient_gpu.cu.cache
h:\projet s9\fault_detection2_modif\x64\release\gradient_gpu.cu.obj
h:\projet s9\fault_detection2_modif\x64\release\fault_detection.tlog\fault_detection.write.1u.tlog
h:\projet s9\fault_detection2_modif\x64\release\fault_detection.tlog\link.command.1.tlog
h:\projet s9\fault_detection2_modif\x64\release\fault_detection.tlog\cl.write.1.tlog
h:\projet s9\fault_detection2_modif\x64\release\fault_detection.tlog\link.read.1.tlog
h:\projet s9\fault_detection2_modif\x64\release\fault_detection.tlog\cl.command.1.tlog
h:\projet s9\fault_detection2_modif\x64\release\fault_detection.tlog\cl.read.1.tlog
h:\projet s9\fault_detection2_modif\x64\release\fault_detection.tlog\link.write.1.tlog
